<?xml version="1.0" encoding="UTF-8"?>
<testng-results skipped="0" failed="0" ignored="0" total="1" passed="1">
  <reporter-output>
  </reporter-output>
  <suite name="Default suite" duration-ms="7666" started-at="2020-04-17T12:49:51Z" finished-at="2020-04-17T12:49:58Z">
    <groups>
    </groups>
    <test name="Default test" duration-ms="7666" started-at="2020-04-17T12:49:51Z" finished-at="2020-04-17T12:49:58Z">
      <class name="com.qa.restassured.GetRequestTC001">
        <test-method status="PASS" signature="getRequest()[pri:0, instance:com.qa.restassured.GetRequestTC001@523884b2]" name="getRequest" duration-ms="7566" started-at="2020-04-17T12:49:51Z" finished-at="2020-04-17T12:49:58Z">
          <reporter-output>
          </reporter-output>
        </test-method> <!-- getRequest -->
      </class> <!-- com.qa.restassured.GetRequestTC001 -->
    </test> <!-- Default test -->
  </suite> <!-- Default suite -->
</testng-results>
